<?xml version="1.0" encoding="UTF-8"?>
<!-- Generated by org.testng.reporters.JUnitReportReporter -->
<testsuite hostname="DESKTOP-N0MJVRM" name="com.basic.TestingGoggle" tests="1" failures="0" timestamp="9 Jun 2019 03:59:28 GMT" time="3.453" errors="0">
  <testcase name="testGoggle" time="3.453" classname="com.basic.TestingGoggle"/>
</testsuite> <!-- com.basic.TestingGoggle -->
